2020-10-09 06:03:14,542 INFO org.springframework.boot.StartupInfoLogger [main] Starting SareetaApplicationTests on thinkpad with PID 23855 (started by crised in /home/crised/IdeaProjects/JDND/projects/P04-eCommerce Application/starter_code)
2020-10-09 06:03:14,544 INFO org.springframework.boot.SpringApplication [main] No active profile set, falling back to default profiles: default
2020-10-09 06:03:15,026 INFO org.springframework.data.repository.config.RepositoryConfigurationDelegate [main] Bootstrapping Spring Data repositories in DEFAULT mode.
2020-10-09 06:03:15,079 INFO org.springframework.data.repository.config.RepositoryConfigurationDelegate [main] Finished Spring Data repository scanning in 46ms. Found 4 repository interfaces.
2020-10-09 06:03:15,468 INFO org.springframework.context.support.PostProcessorRegistrationDelegate$BeanPostProcessorChecker [main] Bean 'org.springframework.transaction.annotation.ProxyTransactionManagementConfiguration' of type [org.springframework.transaction.annotation.ProxyTransactionManagementConfiguration$$EnhancerBySpringCGLIB$$7472f363] is not eligible for getting processed by all BeanPostProcessors (for example: not eligible for auto-proxying)
2020-10-09 06:03:15,627 INFO com.zaxxer.hikari.HikariDataSource [main] HikariPool-1 - Starting...
2020-10-09 06:03:15,746 INFO com.zaxxer.hikari.HikariDataSource [main] HikariPool-1 - Start completed.
2020-10-09 06:03:15,808 INFO org.hibernate.jpa.internal.util.LogHelper [main] HHH000204: Processing PersistenceUnitInfo [
	name: default
	...]
2020-10-09 06:03:15,875 INFO org.hibernate.Version [main] HHH000412: Hibernate Core {5.3.10.Final}
2020-10-09 06:03:15,876 INFO org.hibernate.cfg.Environment [main] HHH000206: hibernate.properties not found
2020-10-09 06:03:15,997 INFO org.hibernate.annotations.common.reflection.java.JavaReflectionManager [main] HCANN000001: Hibernate Commons Annotations {5.0.4.Final}
2020-10-09 06:03:16,119 INFO org.hibernate.dialect.Dialect [main] HHH000400: Using dialect: org.hibernate.dialect.H2Dialect
2020-10-09 06:03:16,658 INFO org.hibernate.tool.schema.internal.SchemaCreatorImpl [main] HHH000476: Executing import script 'org.hibernate.tool.schema.internal.exec.ScriptSourceInputNonExistentImpl@5341641d'
2020-10-09 06:03:16,661 INFO org.springframework.orm.jpa.AbstractEntityManagerFactoryBean [main] Initialized JPA EntityManagerFactory for persistence unit 'default'
2020-10-09 06:03:17,474 INFO org.springframework.scheduling.concurrent.ExecutorConfigurationSupport [main] Initializing ExecutorService 'applicationTaskExecutor'
2020-10-09 06:03:17,526 WARN org.springframework.boot.autoconfigure.orm.jpa.JpaBaseConfiguration$JpaWebConfiguration$JpaWebMvcConfiguration [main] spring.jpa.open-in-view is enabled by default. Therefore, database queries may be performed during view rendering. Explicitly configure spring.jpa.open-in-view to disable this warning
2020-10-09 06:03:17,890 INFO org.springframework.boot.StartupInfoLogger [main] Started SareetaApplicationTests in 3.695 seconds (JVM running for 4.394)
2020-10-09 06:03:17,994 INFO com.example.demo.SareetaApplicationTests [main] This is a test
2020-10-09 06:03:18,301 INFO com.example.demo.SareetaApplicationTests [main] "name=event_success" "event_id=0"
2020-10-09 06:03:18,602 INFO com.example.demo.SareetaApplicationTests [main] "name=event_failure" "event_id=1"
2020-10-09 06:03:18,904 INFO com.example.demo.SareetaApplicationTests [main] "name=event_failure" "event_id=1"
2020-10-09 06:03:19,205 INFO com.example.demo.SareetaApplicationTests [main] "name=event_success" "event_id=0"
2020-10-09 06:03:19,506 INFO com.example.demo.SareetaApplicationTests [main] "name=event_success" "event_id=0"
2020-10-09 06:03:19,807 INFO com.example.demo.SareetaApplicationTests [main] "name=event_success" "event_id=0"
2020-10-09 06:03:20,108 INFO com.example.demo.SareetaApplicationTests [main] "name=event_failure" "event_id=1"
2020-10-09 06:03:20,409 INFO com.example.demo.SareetaApplicationTests [main] "name=event_success" "event_id=0"
2020-10-09 06:03:20,710 INFO com.example.demo.SareetaApplicationTests [main] "name=event_failure" "event_id=1"
2020-10-09 06:03:21,011 INFO com.example.demo.SareetaApplicationTests [main] "name=event_success" "event_id=0"
2020-10-09 06:03:21,313 INFO com.example.demo.SareetaApplicationTests [main] "name=event_success" "event_id=0"
2020-10-09 06:03:21,614 INFO com.example.demo.SareetaApplicationTests [main] "name=event_failure" "event_id=1"
2020-10-09 06:03:21,915 INFO com.example.demo.SareetaApplicationTests [main] "name=event_success" "event_id=0"
2020-10-09 06:03:22,216 INFO com.example.demo.SareetaApplicationTests [main] "name=event_failure" "event_id=1"
2020-10-09 06:03:22,517 INFO com.example.demo.SareetaApplicationTests [main] "name=event_success" "event_id=0"
2020-10-09 06:03:22,818 INFO com.example.demo.SareetaApplicationTests [main] "name=event_failure" "event_id=1"
2020-10-09 06:03:23,119 INFO com.example.demo.SareetaApplicationTests [main] "name=event_success" "event_id=0"
2020-10-09 06:03:23,420 INFO com.example.demo.SareetaApplicationTests [main] "name=event_failure" "event_id=1"
2020-10-09 06:03:23,722 INFO com.example.demo.SareetaApplicationTests [main] "name=event_failure" "event_id=1"
2020-10-09 06:03:24,023 INFO com.example.demo.SareetaApplicationTests [main] "name=event_success" "event_id=0"
2020-10-09 06:03:24,324 INFO com.example.demo.SareetaApplicationTests [main] "name=event_failure" "event_id=1"
2020-10-09 06:03:24,624 INFO com.example.demo.SareetaApplicationTests [main] "name=event_success" "event_id=0"
2020-10-09 06:03:24,925 INFO com.example.demo.SareetaApplicationTests [main] "name=event_success" "event_id=0"
2020-10-09 06:03:25,226 INFO com.example.demo.SareetaApplicationTests [main] "name=event_success" "event_id=0"
2020-10-09 06:03:25,527 INFO com.example.demo.SareetaApplicationTests [main] "name=event_failure" "event_id=1"
2020-10-09 06:03:25,828 INFO com.example.demo.SareetaApplicationTests [main] "name=event_success" "event_id=0"
2020-10-09 06:03:26,129 INFO com.example.demo.SareetaApplicationTests [main] "name=event_success" "event_id=0"
2020-10-09 06:03:26,430 INFO com.example.demo.SareetaApplicationTests [main] "name=event_success" "event_id=0"
2020-10-09 06:03:26,731 INFO com.example.demo.SareetaApplicationTests [main] "name=event_failure" "event_id=1"
2020-10-09 06:03:27,032 INFO com.example.demo.SareetaApplicationTests [main] "name=event_success" "event_id=0"
2020-10-09 06:03:27,333 INFO com.example.demo.SareetaApplicationTests [main] "name=event_success" "event_id=0"
2020-10-09 06:03:27,634 INFO com.example.demo.SareetaApplicationTests [main] "name=event_failure" "event_id=1"
2020-10-09 06:03:27,935 INFO com.example.demo.SareetaApplicationTests [main] "name=event_failure" "event_id=1"
2020-10-09 06:03:28,236 INFO com.example.demo.SareetaApplicationTests [main] "name=event_success" "event_id=0"
2020-10-09 06:03:28,537 INFO com.example.demo.SareetaApplicationTests [main] "name=event_success" "event_id=0"
2020-10-09 06:03:28,838 INFO com.example.demo.SareetaApplicationTests [main] "name=event_failure" "event_id=1"
2020-10-09 06:03:29,139 INFO com.example.demo.SareetaApplicationTests [main] "name=event_success" "event_id=0"
2020-10-09 06:03:29,440 INFO com.example.demo.SareetaApplicationTests [main] "name=event_success" "event_id=0"
2020-10-09 06:03:29,741 INFO com.example.demo.SareetaApplicationTests [main] "name=event_success" "event_id=0"
2020-10-09 06:03:30,042 INFO com.example.demo.SareetaApplicationTests [main] "name=event_success" "event_id=0"
2020-10-09 06:03:30,343 INFO com.example.demo.SareetaApplicationTests [main] "name=event_success" "event_id=0"
2020-10-09 06:03:30,645 INFO com.example.demo.SareetaApplicationTests [main] "name=event_success" "event_id=0"
2020-10-09 06:03:30,946 INFO com.example.demo.SareetaApplicationTests [main] "name=event_success" "event_id=0"
2020-10-09 06:03:31,247 INFO com.example.demo.SareetaApplicationTests [main] "name=event_failure" "event_id=1"
2020-10-09 06:03:31,548 INFO com.example.demo.SareetaApplicationTests [main] "name=event_success" "event_id=0"
2020-10-09 06:03:31,849 INFO com.example.demo.SareetaApplicationTests [main] "name=event_success" "event_id=0"
2020-10-09 06:03:32,150 INFO com.example.demo.SareetaApplicationTests [main] "name=event_failure" "event_id=1"
2020-10-09 06:03:32,451 INFO com.example.demo.SareetaApplicationTests [main] "name=event_failure" "event_id=1"
2020-10-09 06:03:32,752 INFO com.example.demo.SareetaApplicationTests [main] "name=event_success" "event_id=0"
2020-10-09 06:03:33,053 INFO com.example.demo.SareetaApplicationTests [main] "name=event_failure" "event_id=1"
2020-10-09 06:03:33,062 INFO org.springframework.scheduling.concurrent.ExecutorConfigurationSupport [Thread-1] Shutting down ExecutorService 'applicationTaskExecutor'
2020-10-09 06:03:33,065 INFO org.springframework.orm.jpa.AbstractEntityManagerFactoryBean [Thread-1] Closing JPA EntityManagerFactory for persistence unit 'default'
2020-10-09 06:03:33,065 INFO org.hibernate.tool.schema.internal.SchemaDropperImpl$DelayedDropActionImpl [Thread-1] HHH000477: Starting delayed evictData of schema as part of SessionFactory shut-down'
2020-10-09 06:03:33,081 INFO com.zaxxer.hikari.HikariDataSource [Thread-1] HikariPool-1 - Shutdown initiated...
2020-10-09 06:03:33,084 INFO com.zaxxer.hikari.HikariDataSource [Thread-1] HikariPool-1 - Shutdown completed.
